# JRE version: Java(TM) SE Runtime Environment (8.0_333-b02) (build 1.8.0_333-b02)
# Java VM: Java HotSpot(TM) 64-Bit Server VM (25.333-b02 mixed mode linux-amd64 compressed oops)
Heap:
 PSYoungGen      total 66048K, used 23610K [0x00000000eba00000, 0x00000000f4400000, 0x0000000100000000)
  eden space 63488K, 33% used [0x00000000eba00000,0x00000000ece94890,0x00000000ef800000)
  from space 2560K, 99% used [0x00000000ef800000,0x00000000efa7a2e8,0x00000000efa80000)
  to   space 7168K, 0% used [0x00000000f3d00000,0x00000000f3d00000,0x00000000f4400000)
 ParOldGen       total 42496K, used 10666K [0x00000000c2e00000, 0x00000000c5780000, 0x00000000eba00000)
  object space 42496K, 25% used [0x00000000c2e00000,0x00000000c386a918,0x00000000c5780000)
 Metaspace       used 19381K, capacity 19614K, committed 19712K, reserved 1067008K
  class space    used 2202K, capacity 2275K, committed 2304K, reserved 1048576K
GC Heap History (10 events):
Event: 0.372 GC heap before
{Heap before GC invocations=1 (full 0):
 PSYoungGen      total 18432K, used 15872K [0x00000000eba00000, 0x00000000ece80000, 0x0000000100000000)
  eden space 15872K, 100% used [0x00000000eba00000,0x00000000ec980000,0x00000000ec980000)
  from space 2560K, 0% used [0x00000000ecc00000,0x00000000ecc00000,0x00000000ece80000)
  to   space 2560K, 0% used [0x00000000ec980000,0x00000000ec980000,0x00000000ecc00000)
 ParOldGen       total 42496K, used 0K [0x00000000c2e00000, 0x00000000c5780000, 0x00000000eba00000)
  object space 42496K, 0% used [0x00000000c2e00000,0x00000000c2e00000,0x00000000c5780000)
 Metaspace       used 5081K, capacity 5460K, committed 5760K, reserved 1056768K
  class space    used 572K, capacity 592K, committed 640K, reserved 1048576K
Event: 0.379 GC heap after
Heap after GC invocations=1 (full 0):
 PSYoungGen      total 18432K, used 2549K [0x00000000eba00000, 0x00000000ede00000, 0x0000000100000000)
  eden space 15872K, 0% used [0x00000000eba00000,0x00000000eba00000,0x00000000ec980000)
  from space 2560K, 99% used [0x00000000ec980000,0x00000000ecbfd588,0x00000000ecc00000)
  to   space 2560K, 0% used [0x00000000edb80000,0x00000000edb80000,0x00000000ede00000)
 ParOldGen       total 42496K, used 305K [0x00000000c2e00000, 0x00000000c5780000, 0x00000000eba00000)
  object space 42496K, 0% used [0x00000000c2e00000,0x00000000c2e4c468,0x00000000c5780000)
 Metaspace       used 5081K, capacity 5460K, committed 5760K, reserved 1056768K
  class space    used 572K, capacity 592K, committed 640K, reserved 1048576K
}
Event: 0.676 GC heap before
{Heap before GC invocations=2 (full 0):
 PSYoungGen      total 18432K, used 18421K [0x00000000eba00000, 0x00000000ede00000, 0x0000000100000000)
  eden space 15872K, 100% used [0x00000000eba00000,0x00000000ec980000,0x00000000ec980000)
  from space 2560K, 99% used [0x00000000ec980000,0x00000000ecbfd588,0x00000000ecc00000)
  to   space 2560K, 0% used [0x00000000edb80000,0x00000000edb80000,0x00000000ede00000)
 ParOldGen       total 42496K, used 305K [0x00000000c2e00000, 0x00000000c5780000, 0x00000000eba00000)
  object space 42496K, 0% used [0x00000000c2e00000,0x00000000c2e4c468,0x00000000c5780000)
 Metaspace       used 8390K, capacity 8574K, committed 8832K, reserved 1056768K
  class space    used 956K, capacity 1027K, committed 1152K, reserved 1048576K
Event: 0.680 GC heap after
Heap after GC invocations=2 (full 0):
 PSYoungGen      total 34304K, used 2532K [0x00000000eba00000, 0x00000000ede00000, 0x0000000100000000)
  eden space 31744K, 0% used [0x00000000eba00000,0x00000000eba00000,0x00000000ed900000)
  from space 2560K, 98% used [0x00000000edb80000,0x00000000eddf9068,0x00000000ede00000)
  to   space 2560K, 0% used [0x00000000ed900000,0x00000000ed900000,0x00000000edb80000)
 ParOldGen       total 42496K, used 1522K [0x00000000c2e00000, 0x00000000c5780000, 0x00000000eba00000)
  object space 42496K, 3% used [0x00000000c2e00000,0x00000000c2f7c850,0x00000000c5780000)
 Metaspace       used 8390K, capacity 8574K, committed 8832K, reserved 1056768K
  class space    used 956K, capacity 1027K, committed 1152K, reserved 1048576K
}
Event: 1.022 GC heap before
{Heap before GC invocations=3 (full 0):
 PSYoungGen      total 34304K, used 34276K [0x00000000eba00000, 0x00000000ede00000, 0x0000000100000000)
  eden space 31744K, 100% used [0x00000000eba00000,0x00000000ed900000,0x00000000ed900000)
  from space 2560K, 98% used [0x00000000edb80000,0x00000000eddf9068,0x00000000ede00000)
  to   space 2560K, 0% used [0x00000000ed900000,0x00000000ed900000,0x00000000edb80000)
 ParOldGen       total 42496K, used 1522K [0x00000000c2e00000, 0x00000000c5780000, 0x00000000eba00000)
  object space 42496K, 3% used [0x00000000c2e00000,0x00000000c2f7c850,0x00000000c5780000)
 Metaspace       used 12835K, capacity 13022K, committed 13056K, reserved 1060864K
  class space    used 1448K, capacity 1507K, committed 1536K, reserved 1048576K
Event: 1.029 GC heap after
Heap after GC invocations=3 (full 0):
 PSYoungGen      total 34304K, used 2552K [0x00000000eba00000, 0x00000000efd00000, 0x0000000100000000)
  eden space 31744K, 0% used [0x00000000eba00000,0x00000000eba00000,0x00000000ed900000)
  from space 2560K, 99% used [0x00000000ed900000,0x00000000edb7e2b8,0x00000000edb80000)
  to   space 2560K, 0% used [0x00000000efa80000,0x00000000efa80000,0x00000000efd00000)
 ParOldGen       total 42496K, used 5510K [0x00000000c2e00000, 0x00000000c5780000, 0x00000000eba00000)
  object space 42496K, 12% used [0x00000000c2e00000,0x00000000c3361a50,0x00000000c5780000)
 Metaspace       used 12835K, capacity 13022K, committed 13056K, reserved 1060864K
  class space    used 1448K, capacity 1507K, committed 1536K, reserved 1048576K
}
Event: 1.182 GC heap before
{Heap before GC invocations=4 (full 0):
 PSYoungGen      total 34304K, used 34296K [0x00000000eba00000, 0x00000000efd00000, 0x0000000100000000)
  eden space 31744K, 100% used [0x00000000eba00000,0x00000000ed900000,0x00000000ed900000)
  from space 2560K, 99% used [0x00000000ed900000,0x00000000edb7e2b8,0x00000000edb80000)
  to   space 2560K, 0% used [0x00000000efa80000,0x00000000efa80000,0x00000000efd00000)
 ParOldGen       total 42496K, used 5510K [0x00000000c2e00000, 0x00000000c5780000, 0x00000000eba00000)
  object space 42496K, 12% used [0x00000000c2e00000,0x00000000c3361a50,0x00000000c5780000)
 Metaspace       used 15149K, capacity 15326K, committed 15360K, reserved 1062912K
  class space    used 1694K, capacity 1763K, committed 1792K, reserved 1048576K
Event: 1.188 GC heap after
Heap after GC invocations=4 (full 0):
 PSYoungGen      total 66048K, used 2536K [0x00000000eba00000, 0x00000000efd00000, 0x0000000100000000)
  eden space 63488K, 0% used [0x00000000eba00000,0x00000000eba00000,0x00000000ef800000)
  from space 2560K, 99% used [0x00000000efa80000,0x00000000efcfa2c8,0x00000000efd00000)
  to   space 2560K, 0% used [0x00000000ef800000,0x00000000ef800000,0x00000000efa80000)
 ParOldGen       total 42496K, used 7702K [0x00000000c2e00000, 0x00000000c5780000, 0x00000000eba00000)
  object space 42496K, 18% used [0x00000000c2e00000,0x00000000c3585888,0x00000000c5780000)
 Metaspace       used 15149K, capacity 15326K, committed 15360K, reserved 1062912K
  class space    used 1694K, capacity 1763K, committed 1792K, reserved 1048576K
}
Event: 1.432 GC heap before
{Heap before GC invocations=5 (full 0):
 PSYoungGen      total 66048K, used 66024K [0x00000000eba00000, 0x00000000efd00000, 0x0000000100000000)
  eden space 63488K, 100% used [0x00000000eba00000,0x00000000ef800000,0x00000000ef800000)
  from space 2560K, 99% used [0x00000000efa80000,0x00000000efcfa2c8,0x00000000efd00000)
  to   space 2560K, 0% used [0x00000000ef800000,0x00000000ef800000,0x00000000efa80000)
 ParOldGen       total 42496K, used 7702K [0x00000000c2e00000, 0x00000000c5780000, 0x00000000eba00000)
  object space 42496K, 18% used [0x00000000c2e00000,0x00000000c3585888,0x00000000c5780000)
 Metaspace       used 18211K, capacity 18462K, committed 18560K, reserved 1064960K
  class space    used 2064K, capacity 2147K, committed 2176K, reserved 1048576K
Event: 1.438 GC heap after
Heap after GC invocations=5 (full 0):
 PSYoungGen      total 66048K, used 2536K [0x00000000eba00000, 0x00000000f4400000, 0x0000000100000000)
  eden space 63488K, 0% used [0x00000000eba00000,0x00000000eba00000,0x00000000ef800000)
  from space 2560K, 99% used [0x00000000ef800000,0x00000000efa7a2e8,0x00000000efa80000)
  to   space 7168K, 0% used [0x00000000f3d00000,0x00000000f3d00000,0x00000000f4400000)
 ParOldGen       total 42496K, used 10666K [0x00000000c2e00000, 0x00000000c5780000, 0x00000000eba00000)
  object space 42496K, 25% used [0x00000000c2e00000,0x00000000c386a918,0x00000000c5780000)
 Metaspace       used 18211K, capacity 18462K, committed 18560K, reserved 1064960K
  class space    used 2064K, capacity 2147K, committed 2176K, reserved 1048576K
}

