# JRE version: Java(TM) SE Runtime Environment (8.0_333-b02) (build 1.8.0_333-b02)
# Java VM: Java HotSpot(TM) 64-Bit Server VM (25.333-b02 mixed mode linux-amd64 compressed oops)
Heap:
 PSYoungGen      total 67584K, used 51393K [0x00000000d7d80000, 0x00000000e0180000, 0x0000000100000000)
  eden space 62464K, 74% used [0x00000000d7d80000,0x00000000daab3078,0x00000000dba80000)
  from space 5120K, 99% used [0x00000000dba80000,0x00000000dbf7d698,0x00000000dbf80000)
  to   space 5120K, 0% used [0x00000000dfc80000,0x00000000dfc80000,0x00000000e0180000)
 ParOldGen       total 83456K, used 3964K [0x0000000087800000, 0x000000008c980000, 0x00000000d7d80000)
  object space 83456K, 4% used [0x0000000087800000,0x0000000087bdf0a0,0x000000008c980000)
 Metaspace       used 19350K, capacity 19550K, committed 19712K, reserved 1067008K
  class space    used 2200K, capacity 2275K, committed 2304K, reserved 1048576K
GC Heap History (6 events):
Event: 0.574 GC heap before
{Heap before GC invocations=1 (full 0):
 PSYoungGen      total 36352K, used 31232K [0x00000000d7d80000, 0x00000000da600000, 0x0000000100000000)
  eden space 31232K, 100% used [0x00000000d7d80000,0x00000000d9c00000,0x00000000d9c00000)
  from space 5120K, 0% used [0x00000000da100000,0x00000000da100000,0x00000000da600000)
  to   space 5120K, 0% used [0x00000000d9c00000,0x00000000d9c00000,0x00000000da100000)
 ParOldGen       total 83456K, used 0K [0x0000000087800000, 0x000000008c980000, 0x00000000d7d80000)
  object space 83456K, 0% used [0x0000000087800000,0x0000000087800000,0x000000008c980000)
 Metaspace       used 8375K, capacity 8574K, committed 8832K, reserved 1056768K
  class space    used 956K, capacity 1027K, committed 1152K, reserved 1048576K
Event: 0.580 GC heap after
Heap after GC invocations=1 (full 0):
 PSYoungGen      total 36352K, used 5086K [0x00000000d7d80000, 0x00000000dc480000, 0x0000000100000000)
  eden space 31232K, 0% used [0x00000000d7d80000,0x00000000d7d80000,0x00000000d9c00000)
  from space 5120K, 99% used [0x00000000d9c00000,0x00000000da0f7b38,0x00000000da100000)
  to   space 5120K, 0% used [0x00000000dbf80000,0x00000000dbf80000,0x00000000dc480000)
 ParOldGen       total 83456K, used 8K [0x0000000087800000, 0x000000008c980000, 0x00000000d7d80000)
  object space 83456K, 0% used [0x0000000087800000,0x0000000087802000,0x000000008c980000)
 Metaspace       used 8375K, capacity 8574K, committed 8832K, reserved 1056768K
  class space    used 956K, capacity 1027K, committed 1152K, reserved 1048576K
}
Event: 0.838 GC heap before
{Heap before GC invocations=2 (full 0):
 PSYoungGen      total 36352K, used 36318K [0x00000000d7d80000, 0x00000000dc480000, 0x0000000100000000)
  eden space 31232K, 100% used [0x00000000d7d80000,0x00000000d9c00000,0x00000000d9c00000)
  from space 5120K, 99% used [0x00000000d9c00000,0x00000000da0f7b38,0x00000000da100000)
  to   space 5120K, 0% used [0x00000000dbf80000,0x00000000dbf80000,0x00000000dc480000)
 ParOldGen       total 83456K, used 8K [0x0000000087800000, 0x000000008c980000, 0x00000000d7d80000)
  object space 83456K, 0% used [0x0000000087800000,0x0000000087802000,0x000000008c980000)
 Metaspace       used 13586K, capacity 13758K, committed 13952K, reserved 1060864K
  class space    used 1527K, capacity 1603K, committed 1664K, reserved 1048576K
Event: 0.845 GC heap after
Heap after GC invocations=2 (full 0):
 PSYoungGen      total 67584K, used 5099K [0x00000000d7d80000, 0x00000000dc480000, 0x0000000100000000)
  eden space 62464K, 0% used [0x00000000d7d80000,0x00000000d7d80000,0x00000000dba80000)
  from space 5120K, 99% used [0x00000000dbf80000,0x00000000dc47ae48,0x00000000dc480000)
  to   space 5120K, 0% used [0x00000000dba80000,0x00000000dba80000,0x00000000dbf80000)
 ParOldGen       total 83456K, used 2228K [0x0000000087800000, 0x000000008c980000, 0x00000000d7d80000)
  object space 83456K, 2% used [0x0000000087800000,0x0000000087a2d328,0x000000008c980000)
 Metaspace       used 13586K, capacity 13758K, committed 13952K, reserved 1060864K
  class space    used 1527K, capacity 1603K, committed 1664K, reserved 1048576K
}
Event: 1.014 GC heap before
{Heap before GC invocations=3 (full 0):
 PSYoungGen      total 67584K, used 67563K [0x00000000d7d80000, 0x00000000dc480000, 0x0000000100000000)
  eden space 62464K, 100% used [0x00000000d7d80000,0x00000000dba80000,0x00000000dba80000)
  from space 5120K, 99% used [0x00000000dbf80000,0x00000000dc47ae48,0x00000000dc480000)
  to   space 5120K, 0% used [0x00000000dba80000,0x00000000dba80000,0x00000000dbf80000)
 ParOldGen       total 83456K, used 2228K [0x0000000087800000, 0x000000008c980000, 0x00000000d7d80000)
  object space 83456K, 2% used [0x0000000087800000,0x0000000087a2d328,0x000000008c980000)
 Metaspace       used 16967K, capacity 17182K, committed 17408K, reserved 1064960K
  class space    used 1878K, capacity 1955K, committed 2048K, reserved 1048576K
Event: 1.022 GC heap after
Heap after GC invocations=3 (full 0):
 PSYoungGen      total 67584K, used 5109K [0x00000000d7d80000, 0x00000000e0180000, 0x0000000100000000)
  eden space 62464K, 0% used [0x00000000d7d80000,0x00000000d7d80000,0x00000000dba80000)
  from space 5120K, 99% used [0x00000000dba80000,0x00000000dbf7d698,0x00000000dbf80000)
  to   space 5120K, 0% used [0x00000000dfc80000,0x00000000dfc80000,0x00000000e0180000)
 ParOldGen       total 83456K, used 3964K [0x0000000087800000, 0x000000008c980000, 0x00000000d7d80000)
  object space 83456K, 4% used [0x0000000087800000,0x0000000087bdf0a0,0x000000008c980000)
 Metaspace       used 16967K, capacity 17182K, committed 17408K, reserved 1064960K
  class space    used 1878K, capacity 1955K, committed 2048K, reserved 1048576K
}

