# JRE version: Java(TM) SE Runtime Environment (8.0_333-b02) (build 1.8.0_333-b02)
# Java VM: Java HotSpot(TM) 64-Bit Server VM (25.333-b02 mixed mode linux-amd64 compressed oops)
Heap:
 PSYoungGen      total 69120K, used 44465K [0x00000000ebb00000, 0x00000000f0400000, 0x0000000100000000)
  eden space 63488K, 62% used [0x00000000ebb00000,0x00000000ee209140,0x00000000ef900000)
  from space 5632K, 79% used [0x00000000efe80000,0x00000000f02e33b8,0x00000000f0400000)
  to   space 5632K, 0% used [0x00000000ef900000,0x00000000ef900000,0x00000000efe80000)
 ParOldGen       total 42496K, used 7878K [0x00000000c3000000, 0x00000000c5980000, 0x00000000ebb00000)
  object space 42496K, 18% used [0x00000000c3000000,0x00000000c37b1b38,0x00000000c5980000)
 Metaspace       used 19305K, capacity 19486K, committed 19712K, reserved 1067008K
  class space    used 2199K, capacity 2275K, committed 2304K, reserved 1048576K
GC Heap History (10 events):
Event: 0.665 GC heap before
{Heap before GC invocations=2 (full 0):
 PSYoungGen      total 18432K, used 18405K [0x00000000ebb00000, 0x00000000ecf80000, 0x0000000100000000)
  eden space 15872K, 100% used [0x00000000ebb00000,0x00000000eca80000,0x00000000eca80000)
  from space 2560K, 98% used [0x00000000eca80000,0x00000000eccf9600,0x00000000ecd00000)
  to   space 2560K, 0% used [0x00000000ecd00000,0x00000000ecd00000,0x00000000ecf80000)
 ParOldGen       total 42496K, used 465K [0x00000000c3000000, 0x00000000c5980000, 0x00000000ebb00000)
  object space 42496K, 1% used [0x00000000c3000000,0x00000000c3074588,0x00000000c5980000)
 Metaspace       used 8428K, capacity 8574K, committed 8832K, reserved 1056768K
  class space    used 953K, capacity 1027K, committed 1152K, reserved 1048576K
Event: 0.669 GC heap after
Heap after GC invocations=2 (full 0):
 PSYoungGen      total 18432K, used 2554K [0x00000000ebb00000, 0x00000000edf00000, 0x0000000100000000)
  eden space 15872K, 0% used [0x00000000ebb00000,0x00000000ebb00000,0x00000000eca80000)
  from space 2560K, 99% used [0x00000000ecd00000,0x00000000ecf7e9a8,0x00000000ecf80000)
  to   space 2560K, 0% used [0x00000000eca80000,0x00000000eca80000,0x00000000ecd00000)
 ParOldGen       total 42496K, used 1435K [0x00000000c3000000, 0x00000000c5980000, 0x00000000ebb00000)
  object space 42496K, 3% used [0x00000000c3000000,0x00000000c3166ee0,0x00000000c5980000)
 Metaspace       used 8428K, capacity 8574K, committed 8832K, reserved 1056768K
  class space    used 953K, capacity 1027K, committed 1152K, reserved 1048576K
}
Event: 0.811 GC heap before
{Heap before GC invocations=3 (full 0):
 PSYoungGen      total 18432K, used 18426K [0x00000000ebb00000, 0x00000000edf00000, 0x0000000100000000)
  eden space 15872K, 100% used [0x00000000ebb00000,0x00000000eca80000,0x00000000eca80000)
  from space 2560K, 99% used [0x00000000ecd00000,0x00000000ecf7e9a8,0x00000000ecf80000)
  to   space 2560K, 0% used [0x00000000eca80000,0x00000000eca80000,0x00000000ecd00000)
 ParOldGen       total 42496K, used 1435K [0x00000000c3000000, 0x00000000c5980000, 0x00000000ebb00000)
  object space 42496K, 3% used [0x00000000c3000000,0x00000000c3166ee0,0x00000000c5980000)
 Metaspace       used 10939K, capacity 11134K, committed 11392K, reserved 1058816K
  class space    used 1215K, capacity 1283K, committed 1408K, reserved 1048576K
Event: 0.814 GC heap after
Heap after GC invocations=3 (full 0):
 PSYoungGen      total 18432K, used 2558K [0x00000000ebb00000, 0x00000000edf00000, 0x0000000100000000)
  eden space 15872K, 0% used [0x00000000ebb00000,0x00000000ebb00000,0x00000000eca80000)
  from space 2560K, 99% used [0x00000000eca80000,0x00000000eccff8b8,0x00000000ecd00000)
  to   space 2560K, 0% used [0x00000000edc80000,0x00000000edc80000,0x00000000edf00000)
 ParOldGen       total 42496K, used 3421K [0x00000000c3000000, 0x00000000c5980000, 0x00000000ebb00000)
  object space 42496K, 8% used [0x00000000c3000000,0x00000000c3357550,0x00000000c5980000)
 Metaspace       used 10939K, capacity 11134K, committed 11392K, reserved 1058816K
  class space    used 1215K, capacity 1283K, committed 1408K, reserved 1048576K
}
Event: 0.968 GC heap before
{Heap before GC invocations=4 (full 0):
 PSYoungGen      total 18432K, used 18430K [0x00000000ebb00000, 0x00000000edf00000, 0x0000000100000000)
  eden space 15872K, 100% used [0x00000000ebb00000,0x00000000eca80000,0x00000000eca80000)
  from space 2560K, 99% used [0x00000000eca80000,0x00000000eccff8b8,0x00000000ecd00000)
  to   space 2560K, 0% used [0x00000000edc80000,0x00000000edc80000,0x00000000edf00000)
 ParOldGen       total 42496K, used 3421K [0x00000000c3000000, 0x00000000c5980000, 0x00000000ebb00000)
  object space 42496K, 8% used [0x00000000c3000000,0x00000000c3357550,0x00000000c5980000)
 Metaspace       used 13543K, capacity 13758K, committed 13952K, reserved 1060864K
  class space    used 1517K, capacity 1603K, committed 1664K, reserved 1048576K
Event: 0.973 GC heap after
Heap after GC invocations=4 (full 0):
 PSYoungGen      total 34304K, used 2551K [0x00000000ebb00000, 0x00000000edf00000, 0x0000000100000000)
  eden space 31744K, 0% used [0x00000000ebb00000,0x00000000ebb00000,0x00000000eda00000)
  from space 2560K, 99% used [0x00000000edc80000,0x00000000edefdd08,0x00000000edf00000)
  to   space 2560K, 0% used [0x00000000eda00000,0x00000000eda00000,0x00000000edc80000)
 ParOldGen       total 42496K, used 5962K [0x00000000c3000000, 0x00000000c5980000, 0x00000000ebb00000)
  object space 42496K, 14% used [0x00000000c3000000,0x00000000c35d2a28,0x00000000c5980000)
 Metaspace       used 13543K, capacity 13758K, committed 13952K, reserved 1060864K
  class space    used 1517K, capacity 1603K, committed 1664K, reserved 1048576K
}
Event: 1.083 GC heap before
{Heap before GC invocations=5 (full 0):
 PSYoungGen      total 34304K, used 34295K [0x00000000ebb00000, 0x00000000edf00000, 0x0000000100000000)
  eden space 31744K, 100% used [0x00000000ebb00000,0x00000000eda00000,0x00000000eda00000)
  from space 2560K, 99% used [0x00000000edc80000,0x00000000edefdd08,0x00000000edf00000)
  to   space 2560K, 0% used [0x00000000eda00000,0x00000000eda00000,0x00000000edc80000)
 ParOldGen       total 42496K, used 5962K [0x00000000c3000000, 0x00000000c5980000, 0x00000000ebb00000)
  object space 42496K, 14% used [0x00000000c3000000,0x00000000c35d2a28,0x00000000c5980000)
 Metaspace       used 15433K, capacity 15614K, committed 15744K, reserved 1062912K
  class space    used 1723K, capacity 1795K, committed 1920K, reserved 1048576K
Event: 1.088 GC heap after
Heap after GC invocations=5 (full 0):
 PSYoungGen      total 34304K, used 2551K [0x00000000ebb00000, 0x00000000f0400000, 0x0000000100000000)
  eden space 31744K, 0% used [0x00000000ebb00000,0x00000000ebb00000,0x00000000eda00000)
  from space 2560K, 99% used [0x00000000eda00000,0x00000000edc7dd08,0x00000000edc80000)
  to   space 5632K, 0% used [0x00000000efe80000,0x00000000efe80000,0x00000000f0400000)
 ParOldGen       total 42496K, used 7878K [0x00000000c3000000, 0x00000000c5980000, 0x00000000ebb00000)
  object space 42496K, 18% used [0x00000000c3000000,0x00000000c37b1b38,0x00000000c5980000)
 Metaspace       used 15433K, capacity 15614K, committed 15744K, reserved 1062912K
  class space    used 1723K, capacity 1795K, committed 1920K, reserved 1048576K
}
Event: 1.159 GC heap before
{Heap before GC invocations=6 (full 0):
 PSYoungGen      total 34304K, used 34295K [0x00000000ebb00000, 0x00000000f0400000, 0x0000000100000000)
  eden space 31744K, 100% used [0x00000000ebb00000,0x00000000eda00000,0x00000000eda00000)
  from space 2560K, 99% used [0x00000000eda00000,0x00000000edc7dd08,0x00000000edc80000)
  to   space 5632K, 0% used [0x00000000efe80000,0x00000000efe80000,0x00000000f0400000)
 ParOldGen       total 42496K, used 7878K [0x00000000c3000000, 0x00000000c5980000, 0x00000000ebb00000)
  object space 42496K, 18% used [0x00000000c3000000,0x00000000c37b1b38,0x00000000c5980000)
 Metaspace       used 17073K, capacity 17246K, committed 17408K, reserved 1064960K
  class space    used 1882K, capacity 1955K, committed 2048K, reserved 1048576K
Event: 1.164 GC heap after
Heap after GC invocations=6 (full 0):
 PSYoungGen      total 69120K, used 4492K [0x00000000ebb00000, 0x00000000f0400000, 0x0000000100000000)
  eden space 63488K, 0% used [0x00000000ebb00000,0x00000000ebb00000,0x00000000ef900000)
  from space 5632K, 79% used [0x00000000efe80000,0x00000000f02e33b8,0x00000000f0400000)
  to   space 5632K, 0% used [0x00000000ef900000,0x00000000ef900000,0x00000000efe80000)
 ParOldGen       total 42496K, used 7878K [0x00000000c3000000, 0x00000000c5980000, 0x00000000ebb00000)
  object space 42496K, 18% used [0x00000000c3000000,0x00000000c37b1b38,0x00000000c5980000)
 Metaspace       used 17073K, capacity 17246K, committed 17408K, reserved 1064960K
  class space    used 1882K, capacity 1955K, committed 2048K, reserved 1048576K
}

